<?xml version="1.0" encoding="UTF-8"?>
<!-- Generated by org.testng.reporters.JUnitReportReporter -->
<testsuite skipped="0" hostname="CATOR-VKORAT1" name="com.testcases.TC_LoginTest" tests="1" failures="0" timestamp="2022-12-16T13:19:27 EST" time="0.980" errors="0">
  <testcase name="loginTest" time="0.980" classname="com.testcases.TC_LoginTest"/>
  <system-out/>
</testsuite> <!-- com.testcases.TC_LoginTest -->
