<?xml version="1.0" encoding="UTF-8"?>
<!-- Generated by org.testng.reporters.JUnitReportReporter -->
<testsuite skipped="0" hostname="DESKTOP-3ULC79B" name="com.testcases.TC_LoginTest" tests="1" failures="0" timestamp="2022-12-15T19:12:12 EST" time="0.798" errors="0">
  <testcase name="loginTest" time="0.798" classname="com.testcases.TC_LoginTest"/>
  <system-out/>
</testsuite> <!-- com.testcases.TC_LoginTest -->
