<?xml version="1.0" encoding="UTF-8"?>
<!-- Generated by org.testng.reporters.JUnitReportReporter -->
<testsuite skipped="0" hostname="DESKTOP-3ULC79B" name="com.testcases.TC_AddCustomerTest" tests="1" failures="0" timestamp="2022-12-15T18:00:14 EST" time="6.018" errors="0">
  <testcase name="addNewCustomer" time="6.018" classname="com.testcases.TC_AddCustomerTest"/>
  <system-out/>
</testsuite> <!-- com.testcases.TC_AddCustomerTest -->
